# JRE version: OpenJDK Runtime Environment Temurin-21.0.11+10 (21.0.11+10) (build 21.0.11+10-LTS)
# Java VM: OpenJDK 64-Bit Server VM Temurin-21.0.11+10 (21.0.11+10-LTS, mixed mode, sharing, tiered, compressed oops, compressed class ptrs, parallel gc, windows-amd64)
GC Precious Log:
 CardTable entry size: 512
 CPUs: 4 total, 4 available
 Memory: 8072M
 Large Page Support: Disabled
 NUMA Support: Disabled
 Compressed Oops: Enabled (32-bit)
 Alignments: Space 512K, Generation 512K, Heap 2M
 Heap Min Capacity: 100M
 Heap Initial Capacity: 100M
 Heap Max Capacity: 2G
 Pre-touch: Disabled
 Parallel Workers: 4
Heap:
 PSYoungGen      total 12288K, used 9309K [0x00000000d5580000, 0x00000000d6300000, 0x0000000100000000)
  eden space 11776K, 76% used [0x00000000d5580000,0x00000000d5e3f530,0x00000000d6100000)
  from space 512K, 68% used [0x00000000d6280000,0x00000000d62d8020,0x00000000d6300000)
  to   space 512K, 0% used [0x00000000d6200000,0x00000000d6200000,0x00000000d6280000)
 ParOldGen       total 96256K, used 83169K [0x0000000080000000, 0x0000000085e00000, 0x00000000d5580000)
  object space 96256K, 86% used [0x0000000080000000,0x0000000085138460,0x0000000085e00000)
 Metaspace       used 84449K, committed 86144K, reserved 1179648K
  class space    used 8609K, committed 9408K, reserved 1048576K
GC Heap History (20 events):
Event: 179075.134 GC heap before
{Heap before GC invocations=489 (full 4):
 PSYoungGen      total 12288K, used 12096K [0x00000000d5580000, 0x00000000d6300000, 0x0000000100000000)
  eden space 11776K, 100% used [0x00000000d5580000,0x00000000d6100000,0x00000000d6100000)
  from space 512K, 62% used [0x00000000d6280000,0x00000000d62d0000,0x00000000d6300000)
  to   space 512K, 0% used [0x00000000d6200000,0x00000000d6200000,0x00000000d6280000)
 ParOldGen       total 96256K, used 82937K [0x0000000080000000, 0x0000000085e00000, 0x00000000d5580000)
  object space 96256K, 86% used [0x0000000080000000,0x00000000850fe460,0x0000000085e00000)
 Metaspace       used 84444K, committed 86144K, reserved 1179648K
  class space    used 8609K, committed 9408K, reserved 1048576K
}
Event: 179075.143 GC heap after
{Heap after GC invocations=489 (full 4):
 PSYoungGen      total 12288K, used 192K [0x00000000d5580000, 0x00000000d6300000, 0x0000000100000000)
  eden space 11776K, 0% used [0x00000000d5580000,0x00000000d5580000,0x00000000d6100000)
  from space 512K, 37% used [0x00000000d6200000,0x00000000d6230000,0x00000000d6280000)
  to   space 512K, 0% used [0x00000000d6280000,0x00000000d6280000,0x00000000d6300000)
 ParOldGen       total 96256K, used 82953K [0x0000000080000000, 0x0000000085e00000, 0x00000000d5580000)
  object space 96256K, 86% used [0x0000000080000000,0x0000000085102460,0x0000000085e00000)
 Metaspace       used 84444K, committed 86144K, reserved 1179648K
  class space    used 8609K, committed 9408K, reserved 1048576K
}
Event: 179085.295 GC heap before
{Heap before GC invocations=490 (full 4):
 PSYoungGen      total 12288K, used 11968K [0x00000000d5580000, 0x00000000d6300000, 0x0000000100000000)
  eden space 11776K, 100% used [0x00000000d5580000,0x00000000d6100000,0x00000000d6100000)
  from space 512K, 37% used [0x00000000d6200000,0x00000000d6230000,0x00000000d6280000)
  to   space 512K, 0% used [0x00000000d6280000,0x00000000d6280000,0x00000000d6300000)
 ParOldGen       total 96256K, used 82953K [0x0000000080000000, 0x0000000085e00000, 0x00000000d5580000)
  object space 96256K, 86% used [0x0000000080000000,0x0000000085102460,0x0000000085e00000)
 Metaspace       used 84444K, committed 86144K, reserved 1179648K
  class space    used 8609K, committed 9408K, reserved 1048576K
}
Event: 179085.303 GC heap after
{Heap after GC invocations=490 (full 4):
 PSYoungGen      total 12288K, used 224K [0x00000000d5580000, 0x00000000d6300000, 0x0000000100000000)
  eden space 11776K, 0% used [0x00000000d5580000,0x00000000d5580000,0x00000000d6100000)
  from space 512K, 43% used [0x00000000d6280000,0x00000000d62b8000,0x00000000d6300000)
  to   space 512K, 0% used [0x00000000d6200000,0x00000000d6200000,0x00000000d6280000)
 ParOldGen       total 96256K, used 82985K [0x0000000080000000, 0x0000000085e00000, 0x00000000d5580000)
  object space 96256K, 86% used [0x0000000080000000,0x000000008510a460,0x0000000085e00000)
 Metaspace       used 84444K, committed 86144K, reserved 1179648K
  class space    used 8609K, committed 9408K, reserved 1048576K
}
Event: 179100.326 GC heap before
{Heap before GC invocations=491 (full 4):
 PSYoungGen      total 12288K, used 12000K [0x00000000d5580000, 0x00000000d6300000, 0x0000000100000000)
  eden space 11776K, 100% used [0x00000000d5580000,0x00000000d6100000,0x00000000d6100000)
  from space 512K, 43% used [0x00000000d6280000,0x00000000d62b8000,0x00000000d6300000)
  to   space 512K, 0% used [0x00000000d6200000,0x00000000d6200000,0x00000000d6280000)
 ParOldGen       total 96256K, used 82985K [0x0000000080000000, 0x0000000085e00000, 0x00000000d5580000)
  object space 96256K, 86% used [0x0000000080000000,0x000000008510a460,0x0000000085e00000)
 Metaspace       used 84444K, committed 86144K, reserved 1179648K
  class space    used 8609K, committed 9408K, reserved 1048576K
}
Event: 179100.333 GC heap after
{Heap after GC invocations=491 (full 4):
 PSYoungGen      total 12288K, used 192K [0x00000000d5580000, 0x00000000d6300000, 0x0000000100000000)
  eden space 11776K, 0% used [0x00000000d5580000,0x00000000d5580000,0x00000000d6100000)
  from space 512K, 37% used [0x00000000d6200000,0x00000000d6230000,0x00000000d6280000)
  to   space 512K, 0% used [0x00000000d6280000,0x00000000d6280000,0x00000000d6300000)
 ParOldGen       total 96256K, used 83009K [0x0000000080000000, 0x0000000085e00000, 0x00000000d5580000)
  object space 96256K, 86% used [0x0000000080000000,0x0000000085110460,0x0000000085e00000)
 Metaspace       used 84444K, committed 86144K, reserved 1179648K
  class space    used 8609K, committed 9408K, reserved 1048576K
}
Event: 179108.913 GC heap before
{Heap before GC invocations=492 (full 4):
 PSYoungGen      total 12288K, used 11968K [0x00000000d5580000, 0x00000000d6300000, 0x0000000100000000)
  eden space 11776K, 100% used [0x00000000d5580000,0x00000000d6100000,0x00000000d6100000)
  from space 512K, 37% used [0x00000000d6200000,0x00000000d6230000,0x00000000d6280000)
  to   space 512K, 0% used [0x00000000d6280000,0x00000000d6280000,0x00000000d6300000)
 ParOldGen       total 96256K, used 83009K [0x0000000080000000, 0x0000000085e00000, 0x00000000d5580000)
  object space 96256K, 86% used [0x0000000080000000,0x0000000085110460,0x0000000085e00000)
 Metaspace       used 84444K, committed 86144K, reserved 1179648K
  class space    used 8609K, committed 9408K, reserved 1048576K
}
Event: 179108.917 GC heap after
{Heap after GC invocations=492 (full 4):
 PSYoungGen      total 12288K, used 256K [0x00000000d5580000, 0x00000000d6300000, 0x0000000100000000)
  eden space 11776K, 0% used [0x00000000d5580000,0x00000000d5580000,0x00000000d6100000)
  from space 512K, 50% used [0x00000000d6280000,0x00000000d62c0000,0x00000000d6300000)
  to   space 512K, 0% used [0x00000000d6200000,0x00000000d6200000,0x00000000d6280000)
 ParOldGen       total 96256K, used 83033K [0x0000000080000000, 0x0000000085e00000, 0x00000000d5580000)
  object space 96256K, 86% used [0x0000000080000000,0x0000000085116460,0x0000000085e00000)
 Metaspace       used 84444K, committed 86144K, reserved 1179648K
  class space    used 8609K, committed 9408K, reserved 1048576K
}
Event: 179112.710 GC heap before
{Heap before GC invocations=493 (full 4):
 PSYoungGen      total 12288K, used 12032K [0x00000000d5580000, 0x00000000d6300000, 0x0000000100000000)
  eden space 11776K, 100% used [0x00000000d5580000,0x00000000d6100000,0x00000000d6100000)
  from space 512K, 50% used [0x00000000d6280000,0x00000000d62c0000,0x00000000d6300000)
  to   space 512K, 0% used [0x00000000d6200000,0x00000000d6200000,0x00000000d6280000)
 ParOldGen       total 96256K, used 83033K [0x0000000080000000, 0x0000000085e00000, 0x00000000d5580000)
  object space 96256K, 86% used [0x0000000080000000,0x0000000085116460,0x0000000085e00000)
 Metaspace       used 84444K, committed 86144K, reserved 1179648K
  class space    used 8609K, committed 9408K, reserved 1048576K
}
Event: 179112.711 GC heap after
{Heap after GC invocations=493 (full 4):
 PSYoungGen      total 12288K, used 224K [0x00000000d5580000, 0x00000000d6300000, 0x0000000100000000)
  eden space 11776K, 0% used [0x00000000d5580000,0x00000000d5580000,0x00000000d6100000)
  from space 512K, 43% used [0x00000000d6200000,0x00000000d6238000,0x00000000d6280000)
  to   space 512K, 0% used [0x00000000d6280000,0x00000000d6280000,0x00000000d6300000)
 ParOldGen       total 96256K, used 83049K [0x0000000080000000, 0x0000000085e00000, 0x00000000d5580000)
  object space 96256K, 86% used [0x0000000080000000,0x000000008511a460,0x0000000085e00000)
 Metaspace       used 84444K, committed 86144K, reserved 1179648K
  class space    used 8609K, committed 9408K, reserved 1048576K
}
Event: 179115.134 GC heap before
{Heap before GC invocations=494 (full 4):
 PSYoungGen      total 12288K, used 12000K [0x00000000d5580000, 0x00000000d6300000, 0x0000000100000000)
  eden space 11776K, 100% used [0x00000000d5580000,0x00000000d6100000,0x00000000d6100000)
  from space 512K, 43% used [0x00000000d6200000,0x00000000d6238000,0x00000000d6280000)
  to   space 512K, 0% used [0x00000000d6280000,0x00000000d6280000,0x00000000d6300000)
 ParOldGen       total 96256K, used 83049K [0x0000000080000000, 0x0000000085e00000, 0x00000000d5580000)
  object space 96256K, 86% used [0x0000000080000000,0x000000008511a460,0x0000000085e00000)
 Metaspace       used 84444K, committed 86144K, reserved 1179648K
  class space    used 8609K, committed 9408K, reserved 1048576K
}
Event: 179115.141 GC heap after
{Heap after GC invocations=494 (full 4):
 PSYoungGen      total 12288K, used 256K [0x00000000d5580000, 0x00000000d6300000, 0x0000000100000000)
  eden space 11776K, 0% used [0x00000000d5580000,0x00000000d5580000,0x00000000d6100000)
  from space 512K, 50% used [0x00000000d6280000,0x00000000d62c0000,0x00000000d6300000)
  to   space 512K, 0% used [0x00000000d6200000,0x00000000d6200000,0x00000000d6280000)
 ParOldGen       total 96256K, used 83065K [0x0000000080000000, 0x0000000085e00000, 0x00000000d5580000)
  object space 96256K, 86% used [0x0000000080000000,0x000000008511e460,0x0000000085e00000)
 Metaspace       used 84444K, committed 86144K, reserved 1179648K
  class space    used 8609K, committed 9408K, reserved 1048576K
}
Event: 179153.956 GC heap before
{Heap before GC invocations=495 (full 4):
 PSYoungGen      total 12288K, used 12032K [0x00000000d5580000, 0x00000000d6300000, 0x0000000100000000)
  eden space 11776K, 100% used [0x00000000d5580000,0x00000000d6100000,0x00000000d6100000)
  from space 512K, 50% used [0x00000000d6280000,0x00000000d62c0000,0x00000000d6300000)
  to   space 512K, 0% used [0x00000000d6200000,0x00000000d6200000,0x00000000d6280000)
 ParOldGen       total 96256K, used 83065K [0x0000000080000000, 0x0000000085e00000, 0x00000000d5580000)
  object space 96256K, 86% used [0x0000000080000000,0x000000008511e460,0x0000000085e00000)
 Metaspace       used 84444K, committed 86144K, reserved 1179648K
  class space    used 8609K, committed 9408K, reserved 1048576K
}
Event: 179153.961 GC heap after
{Heap after GC invocations=495 (full 4):
 PSYoungGen      total 12288K, used 256K [0x00000000d5580000, 0x00000000d6300000, 0x0000000100000000)
  eden space 11776K, 0% used [0x00000000d5580000,0x00000000d5580000,0x00000000d6100000)
  from space 512K, 50% used [0x00000000d6200000,0x00000000d6240000,0x00000000d6280000)
  to   space 512K, 0% used [0x00000000d6280000,0x00000000d6280000,0x00000000d6300000)
 ParOldGen       total 96256K, used 83089K [0x0000000080000000, 0x0000000085e00000, 0x00000000d5580000)
  object space 96256K, 86% used [0x0000000080000000,0x0000000085124460,0x0000000085e00000)
 Metaspace       used 84444K, committed 86144K, reserved 1179648K
  class space    used 8609K, committed 9408K, reserved 1048576K
}
Event: 179270.560 GC heap before
{Heap before GC invocations=496 (full 4):
 PSYoungGen      total 12288K, used 12032K [0x00000000d5580000, 0x00000000d6300000, 0x0000000100000000)
  eden space 11776K, 100% used [0x00000000d5580000,0x00000000d6100000,0x00000000d6100000)
  from space 512K, 50% used [0x00000000d6200000,0x00000000d6240000,0x00000000d6280000)
  to   space 512K, 0% used [0x00000000d6280000,0x00000000d6280000,0x00000000d6300000)
 ParOldGen       total 96256K, used 83089K [0x0000000080000000, 0x0000000085e00000, 0x00000000d5580000)
  object space 96256K, 86% used [0x0000000080000000,0x0000000085124460,0x0000000085e00000)
 Metaspace       used 84444K, committed 86144K, reserved 1179648K
  class space    used 8609K, committed 9408K, reserved 1048576K
}
Event: 179270.562 GC heap after
{Heap after GC invocations=496 (full 4):
 PSYoungGen      total 12288K, used 224K [0x00000000d5580000, 0x00000000d6300000, 0x0000000100000000)
  eden space 11776K, 0% used [0x00000000d5580000,0x00000000d5580000,0x00000000d6100000)
  from space 512K, 43% used [0x00000000d6280000,0x00000000d62b8000,0x00000000d6300000)
  to   space 512K, 0% used [0x00000000d6200000,0x00000000d6200000,0x00000000d6280000)
 ParOldGen       total 96256K, used 83113K [0x0000000080000000, 0x0000000085e00000, 0x00000000d5580000)
  object space 96256K, 86% used [0x0000000080000000,0x000000008512a460,0x0000000085e00000)
 Metaspace       used 84444K, committed 86144K, reserved 1179648K
  class space    used 8609K, committed 9408K, reserved 1048576K
}
Event: 179293.290 GC heap before
{Heap before GC invocations=497 (full 4):
 PSYoungGen      total 12288K, used 12000K [0x00000000d5580000, 0x00000000d6300000, 0x0000000100000000)
  eden space 11776K, 100% used [0x00000000d5580000,0x00000000d6100000,0x00000000d6100000)
  from space 512K, 43% used [0x00000000d6280000,0x00000000d62b8000,0x00000000d6300000)
  to   space 512K, 0% used [0x00000000d6200000,0x00000000d6200000,0x00000000d6280000)
 ParOldGen       total 96256K, used 83113K [0x0000000080000000, 0x0000000085e00000, 0x00000000d5580000)
  object space 96256K, 86% used [0x0000000080000000,0x000000008512a460,0x0000000085e00000)
 Metaspace       used 84444K, committed 86144K, reserved 1179648K
  class space    used 8609K, committed 9408K, reserved 1048576K
}
Event: 179293.292 GC heap after
{Heap after GC invocations=497 (full 4):
 PSYoungGen      total 12288K, used 224K [0x00000000d5580000, 0x00000000d6300000, 0x0000000100000000)
  eden space 11776K, 0% used [0x00000000d5580000,0x00000000d5580000,0x00000000d6100000)
  from space 512K, 43% used [0x00000000d6200000,0x00000000d6238000,0x00000000d6280000)
  to   space 512K, 0% used [0x00000000d6280000,0x00000000d6280000,0x00000000d6300000)
 ParOldGen       total 96256K, used 83137K [0x0000000080000000, 0x0000000085e00000, 0x00000000d5580000)
  object space 96256K, 86% used [0x0000000080000000,0x0000000085130460,0x0000000085e00000)
 Metaspace       used 84444K, committed 86144K, reserved 1179648K
  class space    used 8609K, committed 9408K, reserved 1048576K
}
Event: 181308.345 GC heap before
{Heap before GC invocations=498 (full 4):
 PSYoungGen      total 12288K, used 12000K [0x00000000d5580000, 0x00000000d6300000, 0x0000000100000000)
  eden space 11776K, 100% used [0x00000000d5580000,0x00000000d6100000,0x00000000d6100000)
  from space 512K, 43% used [0x00000000d6200000,0x00000000d6238000,0x00000000d6280000)
  to   space 512K, 0% used [0x00000000d6280000,0x00000000d6280000,0x00000000d6300000)
 ParOldGen       total 96256K, used 83137K [0x0000000080000000, 0x0000000085e00000, 0x00000000d5580000)
  object space 96256K, 86% used [0x0000000080000000,0x0000000085130460,0x0000000085e00000)
 Metaspace       used 84449K, committed 86144K, reserved 1179648K
  class space    used 8609K, committed 9408K, reserved 1048576K
}
Event: 181308.508 GC heap after
{Heap after GC invocations=498 (full 4):
 PSYoungGen      total 12288K, used 352K [0x00000000d5580000, 0x00000000d6300000, 0x0000000100000000)
  eden space 11776K, 0% used [0x00000000d5580000,0x00000000d5580000,0x00000000d6100000)
  from space 512K, 68% used [0x00000000d6280000,0x00000000d62d8020,0x00000000d6300000)
  to   space 512K, 0% used [0x00000000d6200000,0x00000000d6200000,0x00000000d6280000)
 ParOldGen       total 96256K, used 83169K [0x0000000080000000, 0x0000000085e00000, 0x00000000d5580000)
  object space 96256K, 86% used [0x0000000080000000,0x0000000085138460,0x0000000085e00000)
 Metaspace       used 84449K, committed 86144K, reserved 1179648K
  class space    used 8609K, committed 9408K, reserved 1048576K
}

