# JRE version: OpenJDK Runtime Environment Microsoft-13877129 (17.0.19+10) (build 17.0.19+10-LTS)
# Java VM: OpenJDK 64-Bit Server VM Microsoft-13877129 (17.0.19+10-LTS, mixed mode, emulated-client, sharing, tiered, compressed oops, compressed class ptrs, g1 gc, windows-amd64)
GC Precious Log:
 CPUs: 4 total, 4 available
 Memory: 8072M
 Large Page Support: Disabled
 NUMA Support: Disabled
 Compressed Oops: Enabled (32-bit)
 Heap Region Size: 1M
 Heap Min Capacity: 8M
 Heap Initial Capacity: 128M
 Heap Max Capacity: 2020M
 Pre-touch: Disabled
 Parallel Workers: 4
 Concurrent Workers: 1
 Concurrent Refinement Workers: 4
 Periodic GC: Disabled
Heap:
 garbage-first heap   total 58368K, used 28348K [0x0000000081c00000, 0x0000000100000000)
  region size 1024K, 2 young (2048K), 2 survivors (2048K)
 Metaspace       used 43635K, committed 44160K, reserved 1114112K
  class space    used 6407K, committed 6656K, reserved 1048576K
GC Heap History (20 events):
Event: 4.583 GC heap after
{Heap after GC invocations=3 (full 0):
 garbage-first heap   total 131072K, used 8660K [0x0000000081c00000, 0x0000000100000000)
  region size 1024K, 2 young (2048K), 2 survivors (2048K)
 Metaspace       used 7398K, committed 7680K, reserved 1114112K
  class space    used 1037K, committed 1152K, reserved 1048576K
}
Event: 5.481 GC heap before
{Heap before GC invocations=3 (full 0):
 garbage-first heap   total 131072K, used 83412K [0x0000000081c00000, 0x0000000100000000)
  region size 1024K, 76 young (77824K), 2 survivors (2048K)
 Metaspace       used 18386K, committed 18624K, reserved 1114112K
  class space    used 2559K, committed 2688K, reserved 1048576K
}
Event: 5.489 GC heap after
{Heap after GC invocations=4 (full 0):
 garbage-first heap   total 131072K, used 13461K [0x0000000081c00000, 0x0000000100000000)
  region size 1024K, 7 young (7168K), 7 survivors (7168K)
 Metaspace       used 18386K, committed 18624K, reserved 1114112K
  class space    used 2559K, committed 2688K, reserved 1048576K
}
Event: 6.245 GC heap before
{Heap before GC invocations=4 (full 0):
 garbage-first heap   total 131072K, used 60565K [0x0000000081c00000, 0x0000000100000000)
  region size 1024K, 54 young (55296K), 7 survivors (7168K)
 Metaspace       used 21181K, committed 21504K, reserved 1114112K
  class space    used 3018K, committed 3136K, reserved 1048576K
}
Event: 6.253 GC heap after
{Heap after GC invocations=5 (full 0):
 garbage-first heap   total 131072K, used 15671K [0x0000000081c00000, 0x0000000100000000)
  region size 1024K, 7 young (7168K), 7 survivors (7168K)
 Metaspace       used 21181K, committed 21504K, reserved 1114112K
  class space    used 3018K, committed 3136K, reserved 1048576K
}
Event: 6.807 GC heap before
{Heap before GC invocations=6 (full 0):
 garbage-first heap   total 58368K, used 43319K [0x0000000081c00000, 0x0000000100000000)
  region size 1024K, 34 young (34816K), 7 survivors (7168K)
 Metaspace       used 25707K, committed 26048K, reserved 1114112K
  class space    used 3697K, committed 3840K, reserved 1048576K
}
Event: 6.816 GC heap after
{Heap after GC invocations=7 (full 0):
 garbage-first heap   total 58368K, used 17810K [0x0000000081c00000, 0x0000000100000000)
  region size 1024K, 3 young (3072K), 3 survivors (3072K)
 Metaspace       used 25707K, committed 26048K, reserved 1114112K
  class space    used 3697K, committed 3840K, reserved 1048576K
}
Event: 6.846 GC heap before
{Heap before GC invocations=7 (full 0):
 garbage-first heap   total 58368K, used 18834K [0x0000000081c00000, 0x0000000100000000)
  region size 1024K, 4 young (4096K), 3 survivors (3072K)
 Metaspace       used 26036K, committed 26368K, reserved 1114112K
  class space    used 3742K, committed 3904K, reserved 1048576K
}
Event: 6.850 GC heap after
{Heap after GC invocations=8 (full 0):
 garbage-first heap   total 58368K, used 17995K [0x0000000081c00000, 0x0000000100000000)
  region size 1024K, 1 young (1024K), 1 survivors (1024K)
 Metaspace       used 26036K, committed 26368K, reserved 1114112K
  class space    used 3742K, committed 3904K, reserved 1048576K
}
Event: 7.308 GC heap before
{Heap before GC invocations=8 (full 0):
 garbage-first heap   total 58368K, used 43595K [0x0000000081c00000, 0x0000000100000000)
  region size 1024K, 26 young (26624K), 1 survivors (1024K)
 Metaspace       used 28786K, committed 29184K, reserved 1114112K
  class space    used 4170K, committed 4352K, reserved 1048576K
}
Event: 7.312 GC heap after
{Heap after GC invocations=9 (full 0):
 garbage-first heap   total 58368K, used 19411K [0x0000000081c00000, 0x0000000100000000)
  region size 1024K, 2 young (2048K), 2 survivors (2048K)
 Metaspace       used 28786K, committed 29184K, reserved 1114112K
  class space    used 4170K, committed 4352K, reserved 1048576K
}
Event: 8.080 GC heap before
{Heap before GC invocations=9 (full 0):
 garbage-first heap   total 58368K, used 43987K [0x0000000081c00000, 0x0000000100000000)
  region size 1024K, 26 young (26624K), 2 survivors (2048K)
 Metaspace       used 31640K, committed 32000K, reserved 1114112K
  class space    used 4623K, committed 4800K, reserved 1048576K
}
Event: 8.085 GC heap after
{Heap after GC invocations=10 (full 0):
 garbage-first heap   total 58368K, used 20769K [0x0000000081c00000, 0x0000000100000000)
  region size 1024K, 4 young (4096K), 4 survivors (4096K)
 Metaspace       used 31640K, committed 32000K, reserved 1114112K
  class space    used 4623K, committed 4800K, reserved 1048576K
}
Event: 8.908 GC heap before
{Heap before GC invocations=10 (full 0):
 garbage-first heap   total 58368K, used 44321K [0x0000000081c00000, 0x0000000100000000)
  region size 1024K, 27 young (27648K), 4 survivors (4096K)
 Metaspace       used 34099K, committed 34560K, reserved 1114112K
  class space    used 5021K, committed 5248K, reserved 1048576K
}
Event: 8.915 GC heap after
{Heap after GC invocations=11 (full 0):
 garbage-first heap   total 58368K, used 22706K [0x0000000081c00000, 0x0000000100000000)
  region size 1024K, 4 young (4096K), 4 survivors (4096K)
 Metaspace       used 34099K, committed 34560K, reserved 1114112K
  class space    used 5021K, committed 5248K, reserved 1048576K
}
Event: 9.120 GC heap before
{Heap before GC invocations=11 (full 0):
 garbage-first heap   total 58368K, used 32946K [0x0000000081c00000, 0x0000000100000000)
  region size 1024K, 15 young (15360K), 4 survivors (4096K)
 Metaspace       used 35498K, committed 35968K, reserved 1114112K
  class space    used 5246K, committed 5504K, reserved 1048576K
}
Event: 9.125 GC heap after
{Heap after GC invocations=12 (full 0):
 garbage-first heap   total 58368K, used 23488K [0x0000000081c00000, 0x0000000100000000)
  region size 1024K, 3 young (3072K), 3 survivors (3072K)
 Metaspace       used 35498K, committed 35968K, reserved 1114112K
  class space    used 5246K, committed 5504K, reserved 1048576K
}
Event: 9.563 GC heap before
{Heap before GC invocations=13 (full 0):
 garbage-first heap   total 58368K, used 44992K [0x0000000081c00000, 0x0000000100000000)
  region size 1024K, 24 young (24576K), 3 survivors (3072K)
 Metaspace       used 39594K, committed 40064K, reserved 1114112K
  class space    used 5843K, committed 6080K, reserved 1048576K
}
Event: 9.569 GC heap after
{Heap after GC invocations=14 (full 0):
 garbage-first heap   total 58368K, used 26522K [0x0000000081c00000, 0x0000000100000000)
  region size 1024K, 3 young (3072K), 3 survivors (3072K)
 Metaspace       used 39594K, committed 40064K, reserved 1114112K
  class space    used 5843K, committed 6080K, reserved 1048576K
}
Event: 9.974 GC heap before
{Heap before GC invocations=14 (full 0):
 garbage-first heap   total 58368K, used 44954K [0x0000000081c00000, 0x0000000100000000)
  region size 1024K, 21 young (21504K), 3 survivors (3072K)
 Metaspace       used 43635K, committed 44160K, reserved 1114112K
  class space    used 6407K, committed 6656K, reserved 1048576K
}

